0 info it worked if it ends with ok
1 verbose cli [ 'C:\\Program Files\\nodejs\\node.exe',
1 verbose cli   'C:\\Program Files\\nodejs\\node_modules\\npm\\bin\\npm-cli.js',
1 verbose cli   'install',
1 verbose cli   'https://github.com/bryanvaldez/feedback' ]
2 info using npm@3.10.9
3 info using node@v6.9.2
4 silly loadCurrentTree Starting
5 silly install loadCurrentTree
6 silly install readLocalPackageData
7 silly fetchPackageMetaData https://github.com/bryanvaldez/feedback
8 silly fetchOtherPackageData https://github.com/bryanvaldez/feedback
9 silly cache add args [ 'https://github.com/bryanvaldez/feedback', null ]
10 verbose cache add spec https://github.com/bryanvaldez/feedback
11 silly cache add parsed spec Result {
11 silly cache add   raw: 'https://github.com/bryanvaldez/feedback',
11 silly cache add   scope: null,
11 silly cache add   escapedName: null,
11 silly cache add   name: null,
11 silly cache add   rawSpec: 'https://github.com/bryanvaldez/feedback',
11 silly cache add   spec: 'git+https://github.com/bryanvaldez/feedback.git',
11 silly cache add   type: 'hosted',
11 silly cache add   hosted:
11 silly cache add    { type: 'github',
11 silly cache add      ssh: 'git@github.com:bryanvaldez/feedback.git',
11 silly cache add      sshUrl: 'git+ssh://git@github.com/bryanvaldez/feedback.git',
11 silly cache add      httpsUrl: 'git+https://github.com/bryanvaldez/feedback.git',
11 silly cache add      gitUrl: 'git://github.com/bryanvaldez/feedback.git',
11 silly cache add      shortcut: 'github:bryanvaldez/feedback',
11 silly cache add      directUrl: 'https://raw.githubusercontent.com/bryanvaldez/feedback/master/package.json' } }
12 verbose addRemoteGit caching https://github.com/bryanvaldez/feedback
13 verbose addRemoteGit git+https://github.com/bryanvaldez/feedback.git is a repository hosted by github
14 silly tryClone cloning git+https://github.com/bryanvaldez/feedback.git via git+https://github.com/bryanvaldez/feedback.git
15 verbose tryClone git-https-github-com-bryanvaldez-feedback-git-65f767e4 not in flight; caching
16 verbose correctMkdir C:\Users\bvaldez\AppData\Roaming\npm-cache\_git-remotes correctMkdir not in flight; initializing
17 info git [ 'config', '--get', 'remote.origin.url' ]
18 silly validateExistingRemote git+https://github.com/bryanvaldez/feedback.git remote.origin.url: https://github.com/bryanvaldez/feedback.git
19 verbose validateExistingRemote git+https://github.com/bryanvaldez/feedback.git is updating existing cached remote C:\Users\bvaldez\AppData\Roaming\npm-cache\_git-remotes\git-https-github-com-bryanvaldez-feedback-git-65f767e4
20 info git [ 'fetch', '-a', 'origin' ]
21 verbose updateRemote git fetch -a origin (https://github.com/bryanvaldez/feedback.git)
22 verbose setPermissions git+https://github.com/bryanvaldez/feedback.git skipping chownr on Windows
23 verbose resolveHead git+https://github.com/bryanvaldez/feedback.git original treeish: master
24 info git [ 'rev-list', '-n1', 'master' ]
25 silly resolveHead git+https://github.com/bryanvaldez/feedback.git resolved treeish: 0a89ac625f6e0b45bbb2ca3c06919ce7db0dc0d6
26 verbose resolveHead git+https://github.com/bryanvaldez/feedback.git resolved Git URL: git+https://github.com/bryanvaldez/feedback.git#0a89ac625f6e0b45bbb2ca3c06919ce7db0dc0d6
27 silly resolveHead Git working directory: C:\Users\bvaldez\AppData\Local\Temp\npm-6392-d5261bf2\git-cache-2284ad8d\0a89ac625f6e0b45bbb2ca3c06919ce7db0dc0d6
28 info git [ 'clone',
28 info git   'C:\\Users\\bvaldez\\AppData\\Roaming\\npm-cache\\_git-remotes\\git-https-github-com-bryanvaldez-feedback-git-65f767e4',
28 info git   'C:\\Users\\bvaldez\\AppData\\Local\\Temp\\npm-6392-d5261bf2\\git-cache-2284ad8d\\0a89ac625f6e0b45bbb2ca3c06919ce7db0dc0d6' ]
29 verbose cloneResolved git+https://github.com/bryanvaldez/feedback.git clone Cloning into 'C:\Users\bvaldez\AppData\Local\Temp\npm-6392-d5261bf2\git-cache-2284ad8d\0a89ac625f6e0b45bbb2ca3c06919ce7db0dc0d6'...
29 verbose cloneResolved done.
30 info git [ 'checkout', '0a89ac625f6e0b45bbb2ca3c06919ce7db0dc0d6' ]
31 verbose checkoutTreeish git+https://github.com/bryanvaldez/feedback.git checkout Note: checking out '0a89ac625f6e0b45bbb2ca3c06919ce7db0dc0d6'.
31 verbose checkoutTreeish
31 verbose checkoutTreeish You are in 'detached HEAD' state. You can look around, make experimental
31 verbose checkoutTreeish changes and commit them, and you can discard any commits you make in this
31 verbose checkoutTreeish state without impacting any branches by performing another checkout.
31 verbose checkoutTreeish
31 verbose checkoutTreeish If you want to create a new branch to retain commits you create, you may
31 verbose checkoutTreeish do so (now or later) by using -b with the checkout command again. Example:
31 verbose checkoutTreeish
31 verbose checkoutTreeish   git checkout -b <new-branch-name>
31 verbose checkoutTreeish
31 verbose checkoutTreeish HEAD is now at 0a89ac6... change
32 info git [ 'submodule', '-q', 'update', '--init', '--recursive' ]
33 verbose updateSubmodules git+https://github.com/bryanvaldez/feedback.git submodule update
34 error addLocal Could not install C:\Users\bvaldez\AppData\Local\Temp\npm-6392-d5261bf2\git-cache-2284ad8d\0a89ac625f6e0b45bbb2ca3c06919ce7db0dc0d6
35 silly fetchPackageMetaData Error: EISDIR: illegal operation on a directory, read
35 silly fetchPackageMetaData     at Error (native)
35 silly fetchPackageMetaData  error for https://github.com/bryanvaldez/feedback { Error: EISDIR: illegal operation on a directory, read
35 silly fetchPackageMetaData     at Error (native) errno: -4068, code: 'EISDIR', syscall: 'read' }
36 silly rollbackFailedOptional Starting
37 silly rollbackFailedOptional Finishing
38 silly runTopLevelLifecycles Finishing
39 silly install printInstalled
40 verbose stack Error: EISDIR: illegal operation on a directory, read
40 verbose stack     at Error (native)
41 verbose cwd C:\Users\bvaldez\Desktop\feedback-onpe
42 error Windows_NT 6.3.9600
43 error argv "C:\\Program Files\\nodejs\\node.exe" "C:\\Program Files\\nodejs\\node_modules\\npm\\bin\\npm-cli.js" "install" "https://github.com/bryanvaldez/feedback"
44 error node v6.9.2
45 error npm  v3.10.9
46 error code EISDIR
47 error errno -4068
48 error syscall read
49 error eisdir EISDIR: illegal operation on a directory, read
50 error eisdir This is most likely not a problem with npm itself
50 error eisdir and is related to npm not being able to find a package.json in
50 error eisdir a package you are trying to install.
51 verbose exit [ -4068, true ]
